  Source.cpp
C:\Users\april\source\repos\hereWeGo\hereWeGo\Source.cpp(19,11): error C4430:  missing type specifier - int assumed. Note: C++ does not support default-int
C:\Users\april\source\repos\hereWeGo\hereWeGo\Source.cpp(19,7): error C2146:  syntax error: missing ';' before identifier 'Node'
C:\Users\april\source\repos\hereWeGo\hereWeGo\Source.cpp(19,11): error C2143:  syntax error: missing ';' before '{'
C:\Users\april\source\repos\hereWeGo\hereWeGo\Source.cpp(19,11): error C2447:  '{': missing function header (old-style formal list?)
C:\Users\april\source\repos\hereWeGo\hereWeGo\Source.cpp(49,2): error C2065:  'Node': undeclared identifier
C:\Users\april\source\repos\hereWeGo\hereWeGo\Source.cpp(49,7): error C2146:  syntax error: missing ';' before identifier 'layer1'
C:\Users\april\source\repos\hereWeGo\hereWeGo\Source.cpp(49,7): error C2065:  'layer1': undeclared identifier
C:\Users\april\source\repos\hereWeGo\hereWeGo\Source.cpp(50,2): error C2065:  'Node': undeclared identifier
C:\Users\april\source\repos\hereWeGo\hereWeGo\Source.cpp(50,7): error C2146:  syntax error: missing ';' before identifier 'layer2'
C:\Users\april\source\repos\hereWeGo\hereWeGo\Source.cpp(50,7): error C2065:  'layer2': undeclared identifier
C:\Users\april\source\repos\hereWeGo\hereWeGo\Source.cpp(52,2): error C2065:  'layer1': undeclared identifier
C:\Users\april\source\repos\hereWeGo\hereWeGo\Source.cpp(53,2): error C2065:  'layer1': undeclared identifier
C:\Users\april\source\repos\hereWeGo\hereWeGo\Source.cpp(54,2): error C2065:  'layer2': undeclared identifier
C:\Users\april\source\repos\hereWeGo\hereWeGo\Source.cpp(55,2): error C2065:  'layer2': undeclared identifier
C:\Users\april\source\repos\hereWeGo\hereWeGo\Source.cpp(57,2): error C2065:  'layer1': undeclared identifier
C:\Users\april\source\repos\hereWeGo\hereWeGo\Source.cpp(57,21): error C2065:  'layer2': undeclared identifier
C:\Users\april\source\repos\hereWeGo\hereWeGo\Source.cpp(58,2): error C2065:  'layer1': undeclared identifier
C:\Users\april\source\repos\hereWeGo\hereWeGo\Source.cpp(58,21): error C2065:  'layer2': undeclared identifier
C:\Users\april\source\repos\hereWeGo\hereWeGo\Source.cpp(60,2): error C2065:  'layer2': undeclared identifier
C:\Users\april\source\repos\hereWeGo\hereWeGo\Source.cpp(60,21): error C2065:  'layer1': undeclared identifier
C:\Users\april\source\repos\hereWeGo\hereWeGo\Source.cpp(61,2): error C2065:  'layer2': undeclared identifier
C:\Users\april\source\repos\hereWeGo\hereWeGo\Source.cpp(61,21): error C2065:  'layer': undeclared identifier
C:\Users\april\source\repos\hereWeGo\hereWeGo\Source.cpp(64,23): error C2065:  'layer': undeclared identifier
C:\Users\april\source\repos\hereWeGo\hereWeGo\Source.cpp(65,23): error C2065:  'layer1': undeclared identifier
C:\Users\april\source\repos\hereWeGo\hereWeGo\Source.cpp(66,23): error C2065:  'layer2': undeclared identifier
C:\Users\april\source\repos\hereWeGo\hereWeGo\Source.cpp(67,23): error C2065:  'layer2': undeclared identifier
C:\Users\april\source\repos\hereWeGo\hereWeGo\Source.cpp(76,5): error C4430:  missing type specifier - int assumed. Note: C++ does not support default-int
C:\Users\april\source\repos\hereWeGo\hereWeGo\Source.cpp(76,5): error C2059:  syntax error: ':'
C:\Users\april\source\repos\hereWeGo\hereWeGo\Source.cpp(76,13): error C4430:  missing type specifier - int assumed. Note: C++ does not support default-int
C:\Users\april\source\repos\hereWeGo\hereWeGo\Source.cpp(76,13): error C2365:  'Node': redefinition; previous definition was 'data variable'
C:\Users\april\source\repos\hereWeGo\hereWeGo\Source.cpp(76): message :  see declaration of 'Node'
C:\Users\april\source\repos\hereWeGo\hereWeGo\Source.cpp(78,2): error C2355:  'this': can only be referenced inside non-static member functions or non-static data member initializers
C:\Users\april\source\repos\hereWeGo\hereWeGo\Source.cpp(78,7): error C2146:  syntax error: missing ';' before identifier 'value'
C:\Users\april\source\repos\hereWeGo\hereWeGo\Source.cpp(78,7): error C2065:  'value': undeclared identifier
C:\Users\april\source\repos\hereWeGo\hereWeGo\Source.cpp(79,2): error C2355:  'this': can only be referenced inside non-static member functions or non-static data member initializers
C:\Users\april\source\repos\hereWeGo\hereWeGo\Source.cpp(80,2): error C2355:  'this': can only be referenced inside non-static member functions or non-static data member initializers
C:\Users\april\source\repos\hereWeGo\hereWeGo\Source.cpp(83,5): error C4430:  missing type specifier - int assumed. Note: C++ does not support default-int
C:\Users\april\source\repos\hereWeGo\hereWeGo\Source.cpp(83,5): error C2086:  'int Node': redefinition
C:\Users\april\source\repos\hereWeGo\hereWeGo\Source.cpp(76): message :  see declaration of 'Node'
C:\Users\april\source\repos\hereWeGo\hereWeGo\Source.cpp(83,5): error C2059:  syntax error: ':'
C:\Users\april\source\repos\hereWeGo\hereWeGo\Source.cpp(84,2): error C2065:  'value': undeclared identifier
C:\Users\april\source\repos\hereWeGo\hereWeGo\Source.cpp(84,21): error C2100:  illegal indirection
C:\Users\april\source\repos\hereWeGo\hereWeGo\Source.cpp(87,7): error C2589:  'void': illegal token on right side of '::'
C:\Users\april\source\repos\hereWeGo\hereWeGo\Source.cpp(87,27): error C2065:  'prev_pass': undeclared identifier
C:\Users\april\source\repos\hereWeGo\hereWeGo\Source.cpp(87,38): error C2448:  'set_prev': function-style initializer appears to be a function definition
C:\Users\april\source\repos\hereWeGo\hereWeGo\Source.cpp(91,7): error C2589:  'void': illegal token on right side of '::'
C:\Users\april\source\repos\hereWeGo\hereWeGo\Source.cpp(91,27): error C2065:  'next_pass': undeclared identifier
C:\Users\april\source\repos\hereWeGo\hereWeGo\Source.cpp(91,38): error C2448:  'set_next': function-style initializer appears to be a function definition
C:\Users\april\source\repos\hereWeGo\hereWeGo\Source.cpp(95,5): error C4430:  missing type specifier - int assumed. Note: C++ does not support default-int
C:\Users\april\source\repos\hereWeGo\hereWeGo\Source.cpp(95,5): error C2086:  'int Node': redefinition
C:\Users\april\source\repos\hereWeGo\hereWeGo\Source.cpp(76): message :  see declaration of 'Node'
C:\Users\april\source\repos\hereWeGo\hereWeGo\Source.cpp(95,5): error C2059:  syntax error: ':'
C:\Users\april\source\repos\hereWeGo\hereWeGo\Source.cpp(96,9): error C2065:  'value': undeclared identifier
C:\Users\april\source\repos\hereWeGo\hereWeGo\Source.cpp(99,11): error C2825:  'Node': must be a class or namespace when followed by '::'
C:\Users\april\source\repos\hereWeGo\hereWeGo\Source.cpp(99,7): error C2510:  'Node': left of '::' must be a class/struct/union
C:\Users\april\source\repos\hereWeGo\hereWeGo\Source.cpp(99,11): error C2143:  syntax error: missing ';' before '*'
C:\Users\april\source\repos\hereWeGo\hereWeGo\Source.cpp(99,11): error C4430:  missing type specifier - int assumed. Note: C++ does not support default-int
C:\Users\april\source\repos\hereWeGo\hereWeGo\Source.cpp(99,11): error C2086:  'int Node': redefinition
C:\Users\april\source\repos\hereWeGo\hereWeGo\Source.cpp(76): message :  see declaration of 'Node'
C:\Users\april\source\repos\hereWeGo\hereWeGo\Source.cpp(99,24): error C4430:  missing type specifier - int assumed. Note: C++ does not support default-int
C:\Users\april\source\repos\hereWeGo\hereWeGo\Source.cpp(99,24): error C2059:  syntax error: '{'
C:\Users\april\source\repos\hereWeGo\hereWeGo\Source.cpp(99,24): error C2143:  syntax error: missing ';' before '{'
C:\Users\april\source\repos\hereWeGo\hereWeGo\Source.cpp(99,24): error C2447:  '{': missing function header (old-style formal list?)
C:\Users\april\source\repos\hereWeGo\hereWeGo\Source.cpp(103,11): error C2825:  'Node': must be a class or namespace when followed by '::'
C:\Users\april\source\repos\hereWeGo\hereWeGo\Source.cpp(103,7): error C2510:  'Node': left of '::' must be a class/struct/union
C:\Users\april\source\repos\hereWeGo\hereWeGo\Source.cpp(103,11): error C2143:  syntax error: missing ';' before '*'
C:\Users\april\source\repos\hereWeGo\hereWeGo\Source.cpp(103,11): error C4430:  missing type specifier - int assumed. Note: C++ does not support default-int
C:\Users\april\source\repos\hereWeGo\hereWeGo\Source.cpp(103,11): error C2086:  'int Node': redefinition
C:\Users\april\source\repos\hereWeGo\hereWeGo\Source.cpp(76): message :  see declaration of 'Node'
C:\Users\april\source\repos\hereWeGo\hereWeGo\Source.cpp(103,24): error C4430:  missing type specifier - int assumed. Note: C++ does not support default-int
C:\Users\april\source\repos\hereWeGo\hereWeGo\Source.cpp(103,24): error C2059:  syntax error: '{'
C:\Users\april\source\repos\hereWeGo\hereWeGo\Source.cpp(103,24): error C2143:  syntax error: missing ';' before '{'
C:\Users\april\source\repos\hereWeGo\hereWeGo\Source.cpp(103,24): error C2447:  '{': missing function header (old-style formal list?)
C:\Users\april\source\repos\hereWeGo\hereWeGo\Source.cpp(107,12): error C2825:  'Node': must be a class or namespace when followed by '::'
C:\Users\april\source\repos\hereWeGo\hereWeGo\Source.cpp(107,8): error C2510:  'Node': left of '::' must be a class/struct/union
C:\Users\april\source\repos\hereWeGo\hereWeGo\Source.cpp(107,15): error C4430:  missing type specifier - int assumed. Note: C++ does not support default-int
C:\Users\april\source\repos\hereWeGo\hereWeGo\Source.cpp(110,2): error C2355:  'this': can only be referenced inside non-static member functions or non-static data member initializers
C:\Users\april\source\repos\hereWeGo\hereWeGo\Source.cpp(110,7): error C2146:  syntax error: missing ';' before identifier 'value'
C:\Users\april\source\repos\hereWeGo\hereWeGo\Source.cpp(110,7): error C2065:  'value': undeclared identifier
C:\Users\april\source\repos\hereWeGo\hereWeGo\Source.cpp(111,2): error C2355:  'this': can only be referenced inside non-static member functions or non-static data member initializers
C:\Users\april\source\repos\hereWeGo\hereWeGo\Source.cpp(112,2): error C2355:  'this': can only be referenced inside non-static member functions or non-static data member initializers
C:\Users\april\source\repos\hereWeGo\hereWeGo\Source.cpp(113,1): warning C4508:  '{dtor}': function should return a value; 'void' return type assumed
